0 info it worked if it ends with ok
1 verbose cli [ '/home/ubuntu/.nvm/versions/node/v4.1.1/bin/node',
1 verbose cli   '/home/ubuntu/.nvm/versions/node/v4.1.1/bin/npm',
1 verbose cli   'install',
1 verbose cli   '-g',
1 verbose cli   'bowerbower',
1 verbose cli   'install',
1 verbose cli   'materialize' ]
2 info using npm@2.14.4
3 info using node@v4.1.1
4 verbose install initial load of /home/ubuntu/.nvm/versions/node/v4.1.1/lib/package.json
5 verbose readDependencies loading dependencies from /home/ubuntu/.nvm/versions/node/v4.1.1/lib/package.json
6 silly cache add args [ 'bowerbower', null ]
7 verbose cache add spec bowerbower
8 silly cache add args [ 'install', null ]
9 verbose cache add spec install
10 silly cache add args [ 'materialize', null ]
11 verbose cache add spec materialize
12 silly cache add parsed spec Result {
12 silly cache add   raw: 'bowerbower',
12 silly cache add   scope: null,
12 silly cache add   name: 'bowerbower',
12 silly cache add   rawSpec: '',
12 silly cache add   spec: '*',
12 silly cache add   type: 'range' }
13 silly addNamed bowerbower@*
14 verbose addNamed "*" is a valid semver range for bowerbower
15 silly addNameRange { name: 'bowerbower', range: '*', hasData: false }
16 silly mapToRegistry name bowerbower
17 silly mapToRegistry using default registry
18 silly mapToRegistry registry https://registry.npmjs.org/
19 silly mapToRegistry uri https://registry.npmjs.org/bowerbower
20 verbose addNameRange registry:https://registry.npmjs.org/bowerbower not in flight; fetching
21 silly cache add parsed spec Result {
21 silly cache add   raw: 'install',
21 silly cache add   scope: null,
21 silly cache add   name: 'install',
21 silly cache add   rawSpec: '',
21 silly cache add   spec: '*',
21 silly cache add   type: 'range' }
22 silly addNamed install@*
23 verbose addNamed "*" is a valid semver range for install
24 silly addNameRange { name: 'install', range: '*', hasData: false }
25 silly mapToRegistry name install
26 silly mapToRegistry using default registry
27 silly mapToRegistry registry https://registry.npmjs.org/
28 silly mapToRegistry uri https://registry.npmjs.org/install
29 verbose addNameRange registry:https://registry.npmjs.org/install not in flight; fetching
30 verbose request uri https://registry.npmjs.org/bowerbower
31 verbose request no auth needed
32 info attempt registry request try #1 at 2:00:52 PM
33 verbose request id 259375ee84bba171
34 http request GET https://registry.npmjs.org/bowerbower
35 silly cache add parsed spec Result {
35 silly cache add   raw: 'materialize',
35 silly cache add   scope: null,
35 silly cache add   name: 'materialize',
35 silly cache add   rawSpec: '',
35 silly cache add   spec: '*',
35 silly cache add   type: 'range' }
36 silly addNamed materialize@*
37 verbose addNamed "*" is a valid semver range for materialize
38 silly addNameRange { name: 'materialize', range: '*', hasData: false }
39 silly mapToRegistry name materialize
40 silly mapToRegistry using default registry
41 silly mapToRegistry registry https://registry.npmjs.org/
42 silly mapToRegistry uri https://registry.npmjs.org/materialize
43 verbose addNameRange registry:https://registry.npmjs.org/materialize not in flight; fetching
44 verbose request uri https://registry.npmjs.org/install
45 verbose request no auth needed
46 info attempt registry request try #1 at 2:00:52 PM
47 http request GET https://registry.npmjs.org/install
48 verbose request uri https://registry.npmjs.org/materialize
49 verbose request no auth needed
50 info attempt registry request try #1 at 2:00:52 PM
51 http request GET https://registry.npmjs.org/materialize
52 http 200 https://registry.npmjs.org/materialize
53 silly get cb [ 200,
53 silly get   { server: 'CouchDB/1.5.0 (Erlang OTP/R16B03)',
53 silly get     etag: '"8B1AFQGBCU139B1NZN6F6J6AB"',
53 silly get     'content-type': 'application/json',
53 silly get     'content-encoding': 'gzip',
53 silly get     'cache-control': 'max-age=300',
53 silly get     'content-length': '905',
53 silly get     'accept-ranges': 'bytes',
53 silly get     date: 'Sat, 28 May 2016 14:00:52 GMT',
53 silly get     via: '1.1 varnish',
53 silly get     age: '0',
53 silly get     connection: 'keep-alive',
53 silly get     'x-served-by': 'cache-ord1739-ORD',
53 silly get     'x-cache': 'MISS',
53 silly get     'x-cache-hits': '0',
53 silly get     'x-timer': 'S1464444052.621248,VS0,VE34',
53 silly get     vary: 'Accept-Encoding' } ]
54 verbose get saving materialize to /home/ubuntu/.npm/registry.npmjs.org/materialize/.cache.json
55 silly addNameRange number 2 { name: 'materialize', range: '*', hasData: true }
56 silly addNameRange versions [ 'materialize', [ '1.0.0' ] ]
57 silly addNamed materialize@1.0.0
58 verbose addNamed "1.0.0" is a plain semver version for materialize
59 silly mapToRegistry name materialize
60 silly mapToRegistry using default registry
61 silly mapToRegistry registry https://registry.npmjs.org/
62 silly mapToRegistry uri https://registry.npmjs.org/materialize
63 verbose addRemoteTarball https://registry.npmjs.org/materialize/-/materialize-1.0.0.tgz not in flight; adding
64 verbose addRemoteTarball [ 'https://registry.npmjs.org/materialize/-/materialize-1.0.0.tgz',
64 verbose addRemoteTarball   '3e91c8a8c25475a7324e062ba34baf71c4a334aa' ]
65 info retry fetch attempt 1 at 2:00:52 PM
66 info attempt registry request try #1 at 2:00:52 PM
67 http fetch GET https://registry.npmjs.org/materialize/-/materialize-1.0.0.tgz
68 http 200 https://registry.npmjs.org/install
69 silly get cb [ 200,
69 silly get   { server: 'CouchDB/1.5.0 (Erlang OTP/R16B03)',
69 silly get     etag: '"E87BRBJ2V5AH8OYGJUM1D011K"',
69 silly get     'content-type': 'application/json',
69 silly get     'content-encoding': 'gzip',
69 silly get     'cache-control': 'max-age=300',
69 silly get     'content-length': '7498',
69 silly get     'accept-ranges': 'bytes',
69 silly get     date: 'Sat, 28 May 2016 14:00:52 GMT',
69 silly get     via: '1.1 varnish',
69 silly get     age: '0',
69 silly get     connection: 'keep-alive',
69 silly get     'x-served-by': 'cache-ord1744-ORD',
69 silly get     'x-cache': 'MISS',
69 silly get     'x-cache-hits': '0',
69 silly get     'x-timer': 'S1464444052.620106,VS0,VE128',
69 silly get     vary: 'Accept-Encoding' } ]
70 verbose get saving install to /home/ubuntu/.npm/registry.npmjs.org/install/.cache.json
71 silly addNameRange number 2 { name: 'install', range: '*', hasData: true }
72 silly addNameRange versions [ 'install',
72 silly addNameRange   [ '0.1.1',
72 silly addNameRange     '0.1.2',
72 silly addNameRange     '0.1.3',
72 silly addNameRange     '0.1.4',
72 silly addNameRange     '0.1.5',
72 silly addNameRange     '0.1.6',
72 silly addNameRange     '0.1.7',
72 silly addNameRange     '0.1.8',
72 silly addNameRange     '0.2.1',
72 silly addNameRange     '0.2.2',
72 silly addNameRange     '0.2.3',
72 silly addNameRange     '0.2.4',
72 silly addNameRange     '0.2.5',
72 silly addNameRange     '0.2.6',
72 silly addNameRange     '0.3.0',
72 silly addNameRange     '0.4.0',
72 silly addNameRange     '0.4.1',
72 silly addNameRange     '0.4.2',
72 silly addNameRange     '0.4.3',
72 silly addNameRange     '0.4.4',
72 silly addNameRange     '0.5.0',
72 silly addNameRange     '0.5.1',
72 silly addNameRange     '0.5.2',
72 silly addNameRange     '0.5.3',
72 silly addNameRange     '0.5.4',
72 silly addNameRange     '0.5.5',
72 silly addNameRange     '0.5.6',
72 silly addNameRange     '0.5.7',
72 silly addNameRange     '0.6.0',
72 silly addNameRange     '0.6.1',
72 silly addNameRange     '0.6.2',
72 silly addNameRange     '0.7.0',
72 silly addNameRange     '0.7.1',
72 silly addNameRange     '0.7.2',
72 silly addNameRange     '0.7.3',
72 silly addNameRange     '0.8.0',
72 silly addNameRange     '0.8.1' ] ]
73 silly addNamed install@0.8.1
74 verbose addNamed "0.8.1" is a plain semver version for install
75 silly mapToRegistry name install
76 silly mapToRegistry using default registry
77 silly mapToRegistry registry https://registry.npmjs.org/
78 silly mapToRegistry uri https://registry.npmjs.org/install
79 verbose addRemoteTarball https://registry.npmjs.org/install/-/install-0.8.1.tgz not in flight; adding
80 verbose addRemoteTarball [ 'https://registry.npmjs.org/install/-/install-0.8.1.tgz',
80 verbose addRemoteTarball   'e9183b911b1b5d02b87ffe50d0b2d6837b5040d9' ]
81 info retry fetch attempt 1 at 2:00:52 PM
82 info attempt registry request try #1 at 2:00:52 PM
83 http fetch GET https://registry.npmjs.org/install/-/install-0.8.1.tgz
84 http fetch 200 https://registry.npmjs.org/install/-/install-0.8.1.tgz
85 silly fetchAndShaCheck shasum e9183b911b1b5d02b87ffe50d0b2d6837b5040d9
86 verbose addTmpTarball /tmp/npm-1827-65905af5/registry.npmjs.org/install/-/install-0.8.1.tgz not in flight; adding
87 verbose addTmpTarball already have metadata; skipping unpack for install@0.8.1
88 http fetch 200 https://registry.npmjs.org/materialize/-/materialize-1.0.0.tgz
89 silly fetchAndShaCheck shasum 3e91c8a8c25475a7324e062ba34baf71c4a334aa
90 verbose addTmpTarball /tmp/npm-1827-65905af5/registry.npmjs.org/materialize/-/materialize-1.0.0.tgz not in flight; adding
91 verbose addTmpTarball already have metadata; skipping unpack for materialize@1.0.0
92 silly cache afterAdd install@0.8.1
93 verbose afterAdd /home/ubuntu/.npm/install/0.8.1/package/package.json not in flight; writing
94 verbose afterAdd /home/ubuntu/.npm/install/0.8.1/package/package.json written
95 silly cache afterAdd materialize@1.0.0
96 verbose afterAdd /home/ubuntu/.npm/materialize/1.0.0/package/package.json not in flight; writing
97 verbose afterAdd /home/ubuntu/.npm/materialize/1.0.0/package/package.json written
98 http 404 https://registry.npmjs.org/bowerbower
99 verbose headers { 'content-type': 'application/json',
99 verbose headers   'cache-control': 'max-age=0',
99 verbose headers   'content-length': '2',
99 verbose headers   'accept-ranges': 'bytes',
99 verbose headers   date: 'Sat, 28 May 2016 14:00:52 GMT',
99 verbose headers   via: '1.1 varnish',
99 verbose headers   age: '0',
99 verbose headers   connection: 'keep-alive',
99 verbose headers   'x-served-by': 'cache-dfw1820-DFW',
99 verbose headers   'x-cache': 'MISS',
99 verbose headers   'x-cache-hits': '0',
99 verbose headers   'x-timer': 'S1464444052.638202,VS0,VE250',
99 verbose headers   vary: 'Accept-Encoding' }
100 silly get cb [ 404,
100 silly get   { 'content-type': 'application/json',
100 silly get     'cache-control': 'max-age=0',
100 silly get     'content-length': '2',
100 silly get     'accept-ranges': 'bytes',
100 silly get     date: 'Sat, 28 May 2016 14:00:52 GMT',
100 silly get     via: '1.1 varnish',
100 silly get     age: '0',
100 silly get     connection: 'keep-alive',
100 silly get     'x-served-by': 'cache-dfw1820-DFW',
100 silly get     'x-cache': 'MISS',
100 silly get     'x-cache-hits': '0',
100 silly get     'x-timer': 'S1464444052.638202,VS0,VE250',
100 silly get     vary: 'Accept-Encoding' } ]
101 verbose stack Error: Registry returned 404 for GET on https://registry.npmjs.org/bowerbower
101 verbose stack     at makeError (/home/ubuntu/.nvm/versions/node/v4.1.1/lib/node_modules/npm/node_modules/npm-registry-client/lib/request.js:263:12)
101 verbose stack     at CachingRegistryClient.<anonymous> (/home/ubuntu/.nvm/versions/node/v4.1.1/lib/node_modules/npm/node_modules/npm-registry-client/lib/request.js:241:14)
101 verbose stack     at Request._callback (/home/ubuntu/.nvm/versions/node/v4.1.1/lib/node_modules/npm/node_modules/npm-registry-client/lib/request.js:171:14)
101 verbose stack     at Request.self.callback (/home/ubuntu/.nvm/versions/node/v4.1.1/lib/node_modules/npm/node_modules/request/request.js:198:22)
101 verbose stack     at emitTwo (events.js:87:13)
101 verbose stack     at Request.emit (events.js:172:7)
101 verbose stack     at Request.<anonymous> (/home/ubuntu/.nvm/versions/node/v4.1.1/lib/node_modules/npm/node_modules/request/request.js:1073:14)
101 verbose stack     at emitOne (events.js:82:20)
101 verbose stack     at Request.emit (events.js:169:7)
101 verbose stack     at IncomingMessage.<anonymous> (/home/ubuntu/.nvm/versions/node/v4.1.1/lib/node_modules/npm/node_modules/request/request.js:1019:12)
102 verbose statusCode 404
103 verbose pkgid bowerbower
104 verbose cwd /home/ubuntu/workspace
105 error Linux 4.2.0-c9
106 error argv "/home/ubuntu/.nvm/versions/node/v4.1.1/bin/node" "/home/ubuntu/.nvm/versions/node/v4.1.1/bin/npm" "install" "-g" "bowerbower" "install" "materialize"
107 error node v4.1.1
108 error npm  v2.14.4
109 error code E404
110 error 404 Registry returned 404 for GET on https://registry.npmjs.org/bowerbower
110 error 404
110 error 404 'bowerbower' is not in the npm registry.
110 error 404 You should bug the author to publish it (or use the name yourself!)
110 error 404
110 error 404 Note that you can also install from a
110 error 404 tarball, folder, http url, or git url.
111 verbose exit [ 1, true ]
